running develop
running egg_info
creating overhead_pkg.egg-info
writing overhead_pkg.egg-info/PKG-INFO
writing dependency_links to overhead_pkg.egg-info/dependency_links.txt
writing entry points to overhead_pkg.egg-info/entry_points.txt
writing requirements to overhead_pkg.egg-info/requires.txt
writing top-level names to overhead_pkg.egg-info/top_level.txt
writing manifest file 'overhead_pkg.egg-info/SOURCES.txt'
reading manifest file 'overhead_pkg.egg-info/SOURCES.txt'
writing manifest file 'overhead_pkg.egg-info/SOURCES.txt'
running build_ext
Creating /home/kavon/firetruck_ws/install/overhead_pkg/lib/python3.10/site-packages/overhead-pkg.egg-link (link to .)
Installing overhead_node script to /home/kavon/firetruck_ws/install/overhead_pkg/lib/overhead_pkg

Installed /home/kavon/firetruck_ws/build/overhead_pkg
running symlink_data
creating /home/kavon/firetruck_ws/install/overhead_pkg/share/ament_index
creating /home/kavon/firetruck_ws/install/overhead_pkg/share/ament_index/resource_index
creating /home/kavon/firetruck_ws/install/overhead_pkg/share/ament_index/resource_index/packages
symbolically linking /home/kavon/firetruck_ws/build/overhead_pkg/resource/overhead_pkg -> /home/kavon/firetruck_ws/install/overhead_pkg/share/ament_index/resource_index/packages
symbolically linking /home/kavon/firetruck_ws/build/overhead_pkg/package.xml -> /home/kavon/firetruck_ws/install/overhead_pkg/share/overhead_pkg
